#
# A fatal error has been detected by the Java Runtime Environment:
#
#  SIGSEGV (0xb) at pc=0x00007f7fd2b85430, pid=15462, tid=140186548848384
#
# JRE version: Java(TM) SE Runtime Environment (8.0_45-b14) (build 1.8.0_45-b14)
# Java VM: Java HotSpot(TM) 64-Bit Server VM (25.45-b02 mixed mode linux-amd64 compressed oops)
# Problematic frame:
# V  [libjvm.so+0x899430]  Method::checked_resolve_jmethod_id(_jmethodID*)+0x20
#
# Failed to write core dump. Core dumps have been disabled. To enable core dumping, try "ulimit -c unlimited" before starting Java again
#
# If you would like to submit a bug report, please visit:
#   http://bugreport.java.com/bugreport/crash.jsp
#

---------------  T H R E A D  ---------------

Current thread (0x00007f7fcc0c6000):  JavaThread "JDWP Transport Listener: dt_socket" daemon [_thread_in_vm, id=15481, stack(0x00007f7fb9624000,0x00007f7fb9725000)]

siginfo: si_signo: 11 (SIGSEGV), si_code: 128 (SI_KERNEL), si_addr: 0x0000000000000000

Registers:
RAX=0x0000000000000001, RBX=0x00007f7fcc004420, RCX=0x00007f7fd3cab320, RDX=0x00007f7fd3289ca0
RSP=0x00007f7fb9723710, RBP=0x00007f7fb9723720, RSI=0x00007f7fcc0c6000, RDI=0x74616cb15200b64c
R8 =0x0000000000000000, R9 =0x00007f7f80017bf0, R10=0x0000000000000030, R11=0x00007f7fd343b010
R12=0x0000000000000017, R13=0x74616cb15200b64c, R14=0x00007f7fcc0c6000, R15=0x00007f7fb9723827
RIP=0x00007f7fd2b85430, EFLAGS=0x0000000000010202, CSGSFS=0x0000000000000033, ERR=0x0000000000000000
  TRAPNO=0x000000000000000d

Top of Stack: (sp=0x00007f7fb9723710)
0x00007f7fb9723710:   0000000000000074 00007f7fcc004420
0x00007f7fb9723720:   00007f7fb9723790 00007f7fd2a16f9e
0x00007f7fb9723730:   0000000000000073 00007f7fb9723740
0x00007f7fb9723740:   00007f7fcc0c6000 0000000000000000
0x00007f7fb9723750:   00007f7f00000000 0000000000000000
0x00007f7fb9723760:   00007f7fb9723780 00007f7fd19a2e40
0x00007f7fb9723770:   74616cb15200b64c 00007f7fb9723827
0x00007f7fb9723780:   0000000000000006 00007f7fb9723827
0x00007f7fb9723790:   00007f7fb97237c0 00007f7fd178e8c2
0x00007f7fb97237a0:   00007f7fb97237c0 74616cb15200b64c
0x00007f7fb97237b0:   00007f7fb9723890 0000000000000030
0x00007f7fb97237c0:   00007f7fb9723850 00007f7fd176faa0
0x00007f7fb97237d0:   00007f7fb9723808 00007f7fb9723800
0x00007f7fb97237e0:   00007f7fb97237f8 00007f7fb972381c
0x00007f7fb97237f0:   000000018001a120 0000000000000000
0x00007f7fb9723800:   0000000000000000 0000000000000000
0x00007f7fb9723810:   00007f7f8001c8b0 00000001b9723890
0x00007f7fb9723820:   0000000000000007 0000000000000002
0x00007f7fb9723830:   000000000000000f 0000000000000002
0x00007f7fb9723840:   00000000000f0200 000000000000000f
0x00007f7fb9723850:   00007f7fb9723aa0 00007f7fd177a9c6
0x00007f7fb9723860:   000262f800000013 00007f7fd20f0200
0x00007f7fb9723870:   00007f7f78000ba0 0000000000000000
0x00007f7fb9723880:   00007f7fb9723890 00007f7fb9723a20
0x00007f7fb9723890:   00007f7f80016843 00007f7f000001c5
0x00007f7fb97238a0:   00007f7f80017bd0 000000000000012c
0x00007f7fb97238b0:   00007f7fb97238e0 00007f7f80017bd0
0x00007f7fb97238c0:   00007f0000000000 000262f80000000f
0x00007f7fb97238d0:   00007f7f00003a80 00007f7fb97238e0
0x00007f7fb97238e0:   7f7f000007000000 04000000507216cc
0x00007f7fb97238f0:   160000006e69616d 2f6176616a4c5b28
0x00007f7fb9723900:   7274532f676e616c 000056293b676e69 

Instructions: (pc=0x00007f7fd2b85430)
0x00007f7fd2b85410:   55 48 89 e5 53 48 83 ec 08 48 85 ff 75 12 31 db
0x00007f7fd2b85420:   48 89 d8 48 83 c4 08 5b c9 c3 66 0f 1f 44 00 00
0x00007f7fd2b85430:   48 8b 1f 48 85 db 74 e6 48 83 fb 37 74 e0 48 8b
0x00007f7fd2b85440:   03 48 89 df ff 50 10 84 c0 0f 1f 80 00 00 00 00 

Register to memory mapping:

RAX=0x0000000000000001 is an unknown value
RBX=0x00007f7fcc004420 is an unknown value
RCX=0x00007f7fd3cab320: <offset 0x219320> in /lib/x86_64-linux-gnu/libpthread.so.0 at 0x00007f7fd3a92000
RDX=0x00007f7fd3289ca0: <offset 0xf9dca0> in /usr/lib/jvm/java-8-oracle/jre/lib/amd64/server/libjvm.so at 0x00007f7fd22ec000
RSP=0x00007f7fb9723710 is pointing into the stack for thread: 0x00007f7fcc0c6000
RBP=0x00007f7fb9723720 is pointing into the stack for thread: 0x00007f7fcc0c6000
RSI=0x00007f7fcc0c6000 is a thread
RDI=0x74616cb15200b64c is an unknown value
R8 =0x0000000000000000 is an unknown value
R9 =0x00007f7f80017bf0 is an unknown value
R10=0x0000000000000030 is an unknown value
R11=0x00007f7fd343b010: <offset 0x187010> in /lib/x86_64-linux-gnu/libc.so.6 at 0x00007f7fd32b4000
R12=0x0000000000000017 is an unknown value
R13=0x74616cb15200b64c is an unknown value
R14=0x00007f7fcc0c6000 is a thread
R15=0x00007f7fb9723827 is pointing into the stack for thread: 0x00007f7fcc0c6000


Stack: [0x00007f7fb9624000,0x00007f7fb9725000],  sp=0x00007f7fb9723710,  free space=1021k
Native frames: (J=compiled Java code, j=interpreted, Vv=VM code, C=native code)
V  [libjvm.so+0x899430]  Method::checked_resolve_jmethod_id(_jmethodID*)+0x20
V  [libjvm.so+0x72af9e]  jvmti_IsMethodSynthetic+0x2be
C  [libjdwp.so+0x258c2]  isMethodSynthetic+0x42
C  [libjdwp.so+0x6aa0]  methods1+0x1b0
C  [libjdwp.so+0x119c6]  debugLoop_run+0x2b6
C  [libjdwp.so+0x247ff]  attachThread+0x2f
V  [libjvm.so+0x797102]  JvmtiAgentThread::call_start_function()+0xc2
V  [libjvm.so+0xa5c86f]  JavaThread::thread_main_inner()+0xdf
V  [libjvm.so+0xa5c99c]  JavaThread::run()+0x11c
V  [libjvm.so+0x910de8]  java_start(Thread*)+0x108
C  [libpthread.so.0+0x80a5]  start_thread+0xc5


---------------  P R O C E S S  ---------------

Java Threads: ( => current thread )
  0x00007f7fcc0de800 JavaThread "Service Thread" daemon [_thread_blocked, id=15493, stack(0x00007f7fb901e000,0x00007f7fb911f000)]
  0x00007f7fcc0d0800 JavaThread "C1 CompilerThread2" daemon [_thread_blocked, id=15491, stack(0x00007f7fb911f000,0x00007f7fb9220000)]
  0x00007f7fcc0cf000 JavaThread "C2 CompilerThread1" daemon [_thread_blocked, id=15488, stack(0x00007f7fb9220000,0x00007f7fb9321000)]
  0x00007f7fcc0cc000 JavaThread "C2 CompilerThread0" daemon [_thread_blocked, id=15487, stack(0x00007f7fb9321000,0x00007f7fb9422000)]
  0x00007f7f80001000 JavaThread "JDWP Command Reader" daemon [_thread_in_native, id=15485, stack(0x00007f7fb9422000,0x00007f7fb9523000)]
  0x00007f7fcc0c9800 JavaThread "JDWP Event Helper Thread" daemon [_thread_blocked, id=15484, stack(0x00007f7fb9523000,0x00007f7fb9624000)]
=>0x00007f7fcc0c6000 JavaThread "JDWP Transport Listener: dt_socket" daemon [_thread_in_vm, id=15481, stack(0x00007f7fb9624000,0x00007f7fb9725000)]
  0x00007f7fcc0b9800 JavaThread "Signal Dispatcher" daemon [_thread_blocked, id=15480, stack(0x00007f7fb9929000,0x00007f7fb9a2a000)]
  0x00007f7fcc082800 JavaThread "Finalizer" daemon [_thread_blocked, id=15472, stack(0x00007f7fb9a2a000,0x00007f7fb9b2b000)]
  0x00007f7fcc080000 JavaThread "Reference Handler" daemon [_thread_blocked, id=15471, stack(0x00007f7fb9b2b000,0x00007f7fb9c2c000)]
  0x00007f7fcc00d000 JavaThread "main-ScalaTest-running-BalanceSuite" [_thread_blocked, id=15463, stack(0x00007f7fd3dac000,0x00007f7fd3ead000)]

Other Threads:
  0x00007f7fcc07b000 VMThread [stack: 0x00007f7fb9c2c000,0x00007f7fb9d2d000] [id=15469]
  0x00007f7fcc0e1000 WatcherThread [stack: 0x00007f7fb8f1d000,0x00007f7fb901e000] [id=15495]

VM state:not at safepoint (normal execution)

VM Mutex/Monitor currently owned by a thread: None

Heap:
 PSYoungGen      total 74752K, used 33565K [0x000000076cd80000, 0x0000000772080000, 0x00000007c0000000)
  eden space 64512K, 52% used [0x000000076cd80000,0x000000076ee476f8,0x0000000770c80000)
  from space 10240K, 0% used [0x0000000771680000,0x0000000771680000,0x0000000772080000)
  to   space 10240K, 0% used [0x0000000770c80000,0x0000000770c80000,0x0000000771680000)
 ParOldGen       total 171008K, used 0K [0x00000006c6800000, 0x00000006d0f00000, 0x000000076cd80000)
  object space 171008K, 0% used [0x00000006c6800000,0x00000006c6800000,0x00000006d0f00000)
 Metaspace       used 9074K, capacity 9568K, committed 9856K, reserved 1058816K
  class space    used 1322K, capacity 1360K, committed 1408K, reserved 1048576K

Card table byte_map: [0x00007f7fbc833000,0x00007f7fbd000000] byte_map_base: 0x00007f7fb91ff000

Marking Bits: (ParMarkBitMap*) 0x00007f7fd3289760
 Begin Bits: [0x00007f7f94340000, 0x00007f7f981a0000)
 End Bits:   [0x00007f7f981a0000, 0x00007f7f9c000000)

Polling page: 0x00007f7fd3ecf000

CodeCache: size=245760Kb used=2549Kb max_used=2556Kb free=243210Kb
 bounds [0x00007f7fbd000000, 0x00007f7fbd290000, 0x00007f7fcc000000]
 total_blobs=797 nmethods=507 adapters=212
 compilation: enabled

Compilation events (10 events):
Event: 13.938 Thread 0x00007f7fcc0d0800  503       1       scala.collection.immutable.$colon$colon::isEmpty (2 bytes)
Event: 13.938 Thread 0x00007f7fcc0d0800 nmethod 503 0x00007f7fbd273f50 code [0x00007f7fbd2740a0, 0x00007f7fbd2741b0]
Event: 15.945 Thread 0x00007f7fcc0d0800  504       1       scala.collection.immutable.$colon$colon::tl (5 bytes)
Event: 15.946 Thread 0x00007f7fcc0d0800 nmethod 504 0x00007f7fbd273c90 code [0x00007f7fbd273de0, 0x00007f7fbd273ef0]
Event: 29.478 Thread 0x00007f7fcc0d0800  505       1       scala.collection.LinearSeqLike$$anon$1::these (5 bytes)
Event: 29.478 Thread 0x00007f7fcc0d0800 nmethod 505 0x00007f7fbd2739d0 code [0x00007f7fbd273b20, 0x00007f7fbd273c30]
Event: 52.342 Thread 0x00007f7fcc0d0800  506       3       scala.collection.immutable.$colon$colon::tail (5 bytes)
Event: 52.342 Thread 0x00007f7fcc0d0800 nmethod 506 0x00007f7fbd2734d0 code [0x00007f7fbd273640, 0x00007f7fbd273910]
Event: 52.342 Thread 0x00007f7fcc0d0800  507       3       scala.collection.immutable.$colon$colon::tail (5 bytes)
Event: 52.342 Thread 0x00007f7fcc0d0800 nmethod 507 0x00007f7fbd2730d0 code [0x00007f7fbd273240, 0x00007f7fbd273430]

GC Heap History (0 events):
No events

Deoptimization events (2 events):
Event: 0.659 Thread 0x00007f7fcc00d000 Uncommon trap: reason=unstable_if action=reinterpret pc=0x00007f7fbd1ea4a4 method=sun.net.www.ParseUtil.encodePath(Ljava/lang/String;Z)Ljava/lang/String; @ 109
Event: 0.877 Thread 0x00007f7fcc00d000 Uncommon trap: reason=unstable_if action=reinterpret pc=0x00007f7fbd1477dc method=java.lang.String.indexOf(II)I @ 49

Internal exceptions (7 events):
Event: 0.027 Thread 0x00007f7fcc00d000 Exception <a 'java/lang/NoSuchMethodError': Method sun.misc.Unsafe.defineClass(Ljava/lang/String;[BII)Ljava/lang/Class; name or signature does not match> (0x000000076cd92a38) thrown at [/RE-WORK/workspace/8-2-build-linux-amd64/jdk8u45/3457/hotspot/src/sha
Event: 0.027 Thread 0x00007f7fcc00d000 Exception <a 'java/lang/NoSuchMethodError': Method sun.misc.Unsafe.prefetchRead(Ljava/lang/Object;J)V name or signature does not match> (0x000000076cd92cc8) thrown at [/RE-WORK/workspace/8-2-build-linux-amd64/jdk8u45/3457/hotspot/src/share/vm/prims/jni.cp
Event: 0.223 Thread 0x00007f7fcc00d000 Exception <a 'java/io/FileNotFoundException'> (0x000000076cebe2a0) thrown at [/RE-WORK/workspace/8-2-build-linux-amd64/jdk8u45/3457/hotspot/src/share/vm/prims/jni.cpp, line 709]
Event: 0.256 Thread 0x00007f7fcc00d000 Exception <a 'java/security/PrivilegedActionException'> (0x000000076d2c6c30) thrown at [/RE-WORK/workspace/8-2-build-linux-amd64/jdk8u45/3457/hotspot/src/share/vm/prims/jvm.cpp, line 1382]
Event: 0.256 Thread 0x00007f7fcc00d000 Exception <a 'java/security/PrivilegedActionException'> (0x000000076d2c6de8) thrown at [/RE-WORK/workspace/8-2-build-linux-amd64/jdk8u45/3457/hotspot/src/share/vm/prims/jvm.cpp, line 1382]
Event: 0.257 Thread 0x00007f7fcc00d000 Exception <a 'java/security/PrivilegedActionException'> (0x000000076d2c9178) thrown at [/RE-WORK/workspace/8-2-build-linux-amd64/jdk8u45/3457/hotspot/src/share/vm/prims/jvm.cpp, line 1382]
Event: 0.257 Thread 0x00007f7fcc00d000 Exception <a 'java/security/PrivilegedActionException'> (0x000000076d2c9330) thrown at [/RE-WORK/workspace/8-2-build-linux-amd64/jdk8u45/3457/hotspot/src/share/vm/prims/jvm.cpp, line 1382]

Events (10 events):
Event: 7804.560 Executing VM operation: GetOrSetLocal
Event: 7804.560 Executing VM operation: GetOrSetLocal done
Event: 7804.561 Executing VM operation: GetOrSetLocal
Event: 7804.561 Executing VM operation: GetOrSetLocal done
Event: 7804.561 Executing VM operation: GetOrSetLocal
Event: 7804.561 Executing VM operation: GetOrSetLocal done
Event: 7876.706 Executing VM operation: ChangeBreakpoints
Event: 7876.706 Executing VM operation: ChangeBreakpoints done
Event: 7930.243 Executing VM operation: ChangeBreakpoints
Event: 7930.243 Executing VM operation: ChangeBreakpoints done


Dynamic libraries:
00400000-00401000 r-xp 00000000 08:02 670281                             /usr/lib/jvm/java-8-oracle/bin/java
00600000-00601000 rw-p 00000000 08:02 670281                             /usr/lib/jvm/java-8-oracle/bin/java
018cf000-018f0000 rw-p 00000000 00:00 0                                  [heap]
6c6800000-6d0f00000 rw-p 00000000 00:00 0 
6d0f00000-76cd80000 ---p 00000000 00:00 0 
76cd80000-772080000 rw-p 00000000 00:00 0 
772080000-7c0000000 ---p 00000000 00:00 0 
7c0000000-7c0160000 rw-p 00000000 00:00 0 
7c0160000-800000000 ---p 00000000 00:00 0 
7f7f68000000-7f7f68021000 rw-p 00000000 00:00 0 
7f7f68021000-7f7f6c000000 ---p 00000000 00:00 0 
7f7f6c000000-7f7f6c021000 rw-p 00000000 00:00 0 
7f7f6c021000-7f7f70000000 ---p 00000000 00:00 0 
7f7f70000000-7f7f700fb000 rw-p 00000000 00:00 0 
7f7f700fb000-7f7f74000000 ---p 00000000 00:00 0 
7f7f74000000-7f7f74220000 rw-p 00000000 00:00 0 
7f7f74220000-7f7f78000000 ---p 00000000 00:00 0 
7f7f78000000-7f7f78021000 rw-p 00000000 00:00 0 
7f7f78021000-7f7f7c000000 ---p 00000000 00:00 0 
7f7f7c000000-7f7f7c26c000 rw-p 00000000 00:00 0 
7f7f7c26c000-7f7f80000000 ---p 00000000 00:00 0 
7f7f80000000-7f7f802bc000 rw-p 00000000 00:00 0 
7f7f802bc000-7f7f84000000 ---p 00000000 00:00 0 
7f7f84000000-7f7f84029000 rw-p 00000000 00:00 0 
7f7f84029000-7f7f88000000 ---p 00000000 00:00 0 
7f7f88000000-7f7f88021000 rw-p 00000000 00:00 0 
7f7f88021000-7f7f8c000000 ---p 00000000 00:00 0 
7f7f8c000000-7f7f8c021000 rw-p 00000000 00:00 0 
7f7f8c021000-7f7f90000000 ---p 00000000 00:00 0 
7f7f90000000-7f7f90021000 rw-p 00000000 00:00 0 
7f7f90021000-7f7f94000000 ---p 00000000 00:00 0 
7f7f94340000-7f7f9c000000 rw-p 00000000 00:00 0 
7f7f9c000000-7f7f9c021000 rw-p 00000000 00:00 0 
7f7f9c021000-7f7fa0000000 ---p 00000000 00:00 0 
7f7fa4000000-7f7fa4021000 rw-p 00000000 00:00 0 
7f7fa4021000-7f7fa8000000 ---p 00000000 00:00 0 
7f7fac000000-7f7fac021000 rw-p 00000000 00:00 0 
7f7fac021000-7f7fb0000000 ---p 00000000 00:00 0 
7f7fb0000000-7f7fb0021000 rw-p 00000000 00:00 0 
7f7fb0021000-7f7fb4000000 ---p 00000000 00:00 0 
7f7fb4000000-7f7fb4021000 rw-p 00000000 00:00 0 
7f7fb4021000-7f7fb8000000 ---p 00000000 00:00 0 
7f7fb8bc9000-7f7fb8c0c000 rw-p 00000000 00:00 0 
7f7fb8c0c000-7f7fb8dcc000 ---p 00000000 00:00 0 
7f7fb8dcc000-7f7fb8e24000 r--s 00523000 08:02 320927                     /home/stefan/.ivy2/cache/org.scala-lang/scala-library/jars/scala-library-2.11.7.jar
7f7fb8e24000-7f7fb8e70000 r--s 003e5000 08:02 283034                     /home/stefan/.ivy2/cache/org.scala-lang/scala-reflect/jars/scala-reflect-2.11.2.jar
7f7fb8e70000-7f7fb8e7b000 r--s 0005d000 08:02 356623                     /home/stefan/.ivy2/cache/org.scala-lang.modules/scala-parser-combinators_2.11/bundles/scala-parser-combinators_2.11-1.0.4.jar
7f7fb8e7b000-7f7fb8e85000 r--s 00095000 08:02 291091                     /home/stefan/.ivy2/cache/org.scala-lang.modules/scala-xml_2.11/bundles/scala-xml_2.11-1.0.2.jar
7f7fb8e85000-7f7fb8eeb000 r--s 00675000 08:02 282786                     /home/stefan/.ivy2/cache/org.scalatest/scalatest_2.11/bundles/scalatest_2.11-2.2.4.jar
7f7fb8eeb000-7f7fb8ef2000 r--s 00037000 08:02 291095                     /home/stefan/.ivy2/cache/junit/junit/jars/junit-4.10.jar
7f7fb8ef2000-7f7fb8f05000 r--s 00344000 08:02 670003                     /usr/lib/jvm/java-8-oracle/jre/lib/resources.jar
7f7fb8f05000-7f7fb8f18000 r--s 000d6000 08:02 670000                     /usr/lib/jvm/java-8-oracle/jre/lib/plugin.jar
7f7fb8f18000-7f7fb8f1d000 r--s 00094000 08:02 670007                     /usr/lib/jvm/java-8-oracle/jre/lib/jsse.jar
7f7fb8f1d000-7f7fb8f1e000 ---p 00000000 00:00 0 
7f7fb8f1e000-7f7fb901e000 rw-p 00000000 00:00 0                          [stack:15495]
7f7fb901e000-7f7fb9021000 ---p 00000000 00:00 0 
7f7fb9021000-7f7fb911f000 rw-p 00000000 00:00 0                          [stack:15493]
7f7fb911f000-7f7fb9122000 ---p 00000000 00:00 0 
7f7fb9122000-7f7fb9220000 rw-p 00000000 00:00 0                          [stack:15491]
7f7fb9220000-7f7fb9223000 ---p 00000000 00:00 0 
7f7fb9223000-7f7fb9321000 rw-p 00000000 00:00 0                          [stack:15488]
7f7fb9321000-7f7fb9324000 ---p 00000000 00:00 0 
7f7fb9324000-7f7fb9422000 rw-p 00000000 00:00 0                          [stack:15487]
7f7fb9422000-7f7fb9425000 ---p 00000000 00:00 0 
7f7fb9425000-7f7fb9523000 rw-p 00000000 00:00 0                          [stack:15485]
7f7fb9523000-7f7fb9526000 ---p 00000000 00:00 0 
7f7fb9526000-7f7fb9624000 rw-p 00000000 00:00 0                          [stack:15484]
7f7fb9624000-7f7fb9627000 ---p 00000000 00:00 0 
7f7fb9627000-7f7fb9725000 rw-p 00000000 00:00 0                          [stack:15481]
7f7fb9725000-7f7fb9729000 r-xp 00000000 08:02 670161                     /usr/lib/jvm/java-8-oracle/jre/lib/amd64/libdt_socket.so
7f7fb9729000-7f7fb9928000 ---p 00004000 08:02 670161                     /usr/lib/jvm/java-8-oracle/jre/lib/amd64/libdt_socket.so
7f7fb9928000-7f7fb9929000 rw-p 00003000 08:02 670161                     /usr/lib/jvm/java-8-oracle/jre/lib/amd64/libdt_socket.so
7f7fb9929000-7f7fb992c000 ---p 00000000 00:00 0 
7f7fb992c000-7f7fb9a2a000 rw-p 00000000 00:00 0                          [stack:15480]
7f7fb9a2a000-7f7fb9a2d000 ---p 00000000 00:00 0 
7f7fb9a2d000-7f7fb9b2b000 rw-p 00000000 00:00 0                          [stack:15472]
7f7fb9b2b000-7f7fb9b2e000 ---p 00000000 00:00 0 
7f7fb9b2e000-7f7fb9c2c000 rw-p 00000000 00:00 0                          [stack:15471]
7f7fb9c2c000-7f7fb9c2d000 ---p 00000000 00:00 0 
7f7fb9c2d000-7f7fbace1000 rw-p 00000000 00:00 0                          [stack:15469]
7f7fbace1000-7f7fbaeba000 r--s 03d09000 08:02 670009                     /usr/lib/jvm/java-8-oracle/jre/lib/rt.jar
7f7fbaeba000-7f7fbbefc000 rw-p 00000000 00:00 0 
7f7fbbefc000-7f7fbbefd000 ---p 00000000 00:00 0 
7f7fbbefd000-7f7fbbffd000 rw-p 00000000 00:00 0                          [stack:15468]
7f7fbbffd000-7f7fbbffe000 ---p 00000000 00:00 0 
7f7fbbffe000-7f7fbc0fe000 rw-p 00000000 00:00 0                          [stack:15467]
7f7fbc0fe000-7f7fbc0ff000 ---p 00000000 00:00 0 
7f7fbc0ff000-7f7fbc1ff000 rw-p 00000000 00:00 0                          [stack:15466]
7f7fbc1ff000-7f7fbc200000 ---p 00000000 00:00 0 
7f7fbc200000-7f7fbc354000 rw-p 00000000 00:00 0                          [stack:15465]
7f7fbc354000-7f7fbc833000 ---p 00000000 00:00 0 
7f7fbc833000-7f7fbc887000 rw-p 00000000 00:00 0 
7f7fbc887000-7f7fbcd65000 ---p 00000000 00:00 0 
7f7fbcd65000-7f7fbcd90000 rw-p 00000000 00:00 0 
7f7fbcd90000-7f7fbcfff000 ---p 00000000 00:00 0 
7f7fbcfff000-7f7fbd000000 rw-p 00000000 00:00 0 
7f7fbd000000-7f7fbd290000 rwxp 00000000 00:00 0 
7f7fbd290000-7f7fcc000000 ---p 00000000 00:00 0 
7f7fcc000000-7f7fcc4d8000 rw-p 00000000 00:00 0 
7f7fcc4d8000-7f7fd0000000 ---p 00000000 00:00 0 
7f7fd0000000-7f7fd0002000 r--s 00011000 08:02 291096                     /home/stefan/.ivy2/cache/org.hamcrest/hamcrest-core/jars/hamcrest-core-1.1.jar
7f7fd0002000-7f7fd0003000 r--s 00000000 08:02 670020                     /usr/lib/jvm/java-8-oracle/jre/lib/management-agent.jar
7f7fd0003000-7f7fd001d000 r--s 001f3000 08:02 670002                     /usr/lib/jvm/java-8-oracle/jre/lib/deploy.jar
7f7fd001d000-7f7fd0077000 rw-p 00000000 00:00 0 
7f7fd0077000-7f7fd042c000 ---p 00000000 00:00 0 
7f7fd042c000-7f7fd0446000 r-xp 00000000 08:02 670144                     /usr/lib/jvm/java-8-oracle/jre/lib/amd64/libzip.so
7f7fd0446000-7f7fd0646000 ---p 0001a000 08:02 670144                     /usr/lib/jvm/java-8-oracle/jre/lib/amd64/libzip.so
7f7fd0646000-7f7fd0647000 rw-p 0001a000 08:02 670144                     /usr/lib/jvm/java-8-oracle/jre/lib/amd64/libzip.so
7f7fd0647000-7f7fd0652000 r-xp 00000000 08:02 185651                     /lib/x86_64-linux-gnu/libnss_files-2.19.so
7f7fd0652000-7f7fd0851000 ---p 0000b000 08:02 185651                     /lib/x86_64-linux-gnu/libnss_files-2.19.so
7f7fd0851000-7f7fd0852000 r--p 0000a000 08:02 185651                     /lib/x86_64-linux-gnu/libnss_files-2.19.so
7f7fd0852000-7f7fd0853000 rw-p 0000b000 08:02 185651                     /lib/x86_64-linux-gnu/libnss_files-2.19.so
7f7fd0853000-7f7fd085e000 r-xp 00000000 08:02 189670                     /lib/x86_64-linux-gnu/libnss_nis-2.19.so
7f7fd085e000-7f7fd0a5d000 ---p 0000b000 08:02 189670                     /lib/x86_64-linux-gnu/libnss_nis-2.19.so
7f7fd0a5d000-7f7fd0a5e000 r--p 0000a000 08:02 189670                     /lib/x86_64-linux-gnu/libnss_nis-2.19.so
7f7fd0a5e000-7f7fd0a5f000 rw-p 0000b000 08:02 189670                     /lib/x86_64-linux-gnu/libnss_nis-2.19.so
7f7fd0a5f000-7f7fd0a76000 r-xp 00000000 08:02 185637                     /lib/x86_64-linux-gnu/libnsl-2.19.so
7f7fd0a76000-7f7fd0c75000 ---p 00017000 08:02 185637                     /lib/x86_64-linux-gnu/libnsl-2.19.so
7f7fd0c75000-7f7fd0c76000 r--p 00016000 08:02 185637                     /lib/x86_64-linux-gnu/libnsl-2.19.so
7f7fd0c76000-7f7fd0c77000 rw-p 00017000 08:02 185637                     /lib/x86_64-linux-gnu/libnsl-2.19.so
7f7fd0c77000-7f7fd0c79000 rw-p 00000000 00:00 0 
7f7fd0c79000-7f7fd0c82000 r-xp 00000000 08:02 185638                     /lib/x86_64-linux-gnu/libnss_compat-2.19.so
7f7fd0c82000-7f7fd0e81000 ---p 00009000 08:02 185638                     /lib/x86_64-linux-gnu/libnss_compat-2.19.so
7f7fd0e81000-7f7fd0e82000 r--p 00008000 08:02 185638                     /lib/x86_64-linux-gnu/libnss_compat-2.19.so
7f7fd0e82000-7f7fd0e83000 rw-p 00009000 08:02 185638                     /lib/x86_64-linux-gnu/libnss_compat-2.19.so
7f7fd0e83000-7f7fd1566000 r--p 00000000 08:02 24710                      /usr/lib/locale/locale-archive
7f7fd1566000-7f7fd1568000 r-xp 00000000 08:02 670159                     /usr/lib/jvm/java-8-oracle/jre/lib/amd64/libnpt.so
7f7fd1568000-7f7fd1768000 ---p 00002000 08:02 670159                     /usr/lib/jvm/java-8-oracle/jre/lib/amd64/libnpt.so
7f7fd1768000-7f7fd1769000 rw-p 00002000 08:02 670159                     /usr/lib/jvm/java-8-oracle/jre/lib/amd64/libnpt.so
7f7fd1769000-7f7fd17a2000 r-xp 00000000 08:02 670149                     /usr/lib/jvm/java-8-oracle/jre/lib/amd64/libjdwp.so
7f7fd17a2000-7f7fd19a1000 ---p 00039000 08:02 670149                     /usr/lib/jvm/java-8-oracle/jre/lib/amd64/libjdwp.so
7f7fd19a1000-7f7fd19a3000 rw-p 00038000 08:02 670149                     /usr/lib/jvm/java-8-oracle/jre/lib/amd64/libjdwp.so
7f7fd19a3000-7f7fd19cd000 r-xp 00000000 08:02 670137                     /usr/lib/jvm/java-8-oracle/jre/lib/amd64/libjava.so
7f7fd19cd000-7f7fd1bcd000 ---p 0002a000 08:02 670137                     /usr/lib/jvm/java-8-oracle/jre/lib/amd64/libjava.so
7f7fd1bcd000-7f7fd1bcf000 rw-p 0002a000 08:02 670137                     /usr/lib/jvm/java-8-oracle/jre/lib/amd64/libjava.so
7f7fd1bcf000-7f7fd1bdc000 r-xp 00000000 08:02 670178                     /usr/lib/jvm/java-8-oracle/jre/lib/amd64/libverify.so
7f7fd1bdc000-7f7fd1ddc000 ---p 0000d000 08:02 670178                     /usr/lib/jvm/java-8-oracle/jre/lib/amd64/libverify.so
7f7fd1ddc000-7f7fd1dde000 rw-p 0000d000 08:02 670178                     /usr/lib/jvm/java-8-oracle/jre/lib/amd64/libverify.so
7f7fd1dde000-7f7fd1de5000 r-xp 00000000 08:02 189709                     /lib/x86_64-linux-gnu/librt-2.19.so
7f7fd1de5000-7f7fd1fe4000 ---p 00007000 08:02 189709                     /lib/x86_64-linux-gnu/librt-2.19.so
7f7fd1fe4000-7f7fd1fe5000 r--p 00006000 08:02 189709                     /lib/x86_64-linux-gnu/librt-2.19.so
7f7fd1fe5000-7f7fd1fe6000 rw-p 00007000 08:02 189709                     /lib/x86_64-linux-gnu/librt-2.19.so
7f7fd1fe6000-7f7fd20eb000 r-xp 00000000 08:02 185561                     /lib/x86_64-linux-gnu/libm-2.19.so
7f7fd20eb000-7f7fd22ea000 ---p 00105000 08:02 185561                     /lib/x86_64-linux-gnu/libm-2.19.so
7f7fd22ea000-7f7fd22eb000 r--p 00104000 08:02 185561                     /lib/x86_64-linux-gnu/libm-2.19.so
7f7fd22eb000-7f7fd22ec000 rw-p 00105000 08:02 185561                     /lib/x86_64-linux-gnu/libm-2.19.so
7f7fd22ec000-7f7fd2f9a000 r-xp 00000000 08:02 670195                     /usr/lib/jvm/java-8-oracle/jre/lib/amd64/server/libjvm.so
7f7fd2f9a000-7f7fd3199000 ---p 00cae000 08:02 670195                     /usr/lib/jvm/java-8-oracle/jre/lib/amd64/server/libjvm.so
7f7fd3199000-7f7fd3270000 rw-p 00cad000 08:02 670195                     /usr/lib/jvm/java-8-oracle/jre/lib/amd64/server/libjvm.so
7f7fd3270000-7f7fd32b4000 rw-p 00000000 00:00 0 
7f7fd32b4000-7f7fd346e000 r-xp 00000000 08:02 189599                     /lib/x86_64-linux-gnu/libc-2.19.so
7f7fd346e000-7f7fd366d000 ---p 001ba000 08:02 189599                     /lib/x86_64-linux-gnu/libc-2.19.so
7f7fd366d000-7f7fd3671000 r--p 001b9000 08:02 189599                     /lib/x86_64-linux-gnu/libc-2.19.so
7f7fd3671000-7f7fd3673000 rw-p 001bd000 08:02 189599                     /lib/x86_64-linux-gnu/libc-2.19.so
7f7fd3673000-7f7fd3678000 rw-p 00000000 00:00 0 
7f7fd3678000-7f7fd367b000 r-xp 00000000 08:02 185640                     /lib/x86_64-linux-gnu/libdl-2.19.so
7f7fd367b000-7f7fd387a000 ---p 00003000 08:02 185640                     /lib/x86_64-linux-gnu/libdl-2.19.so
7f7fd387a000-7f7fd387b000 r--p 00002000 08:02 185640                     /lib/x86_64-linux-gnu/libdl-2.19.so
7f7fd387b000-7f7fd387c000 rw-p 00003000 08:02 185640                     /lib/x86_64-linux-gnu/libdl-2.19.so
7f7fd387c000-7f7fd3891000 r-xp 00000000 08:02 670439                     /usr/lib/jvm/java-8-oracle/lib/amd64/jli/libjli.so
7f7fd3891000-7f7fd3a91000 ---p 00015000 08:02 670439                     /usr/lib/jvm/java-8-oracle/lib/amd64/jli/libjli.so
7f7fd3a91000-7f7fd3a92000 rw-p 00015000 08:02 670439                     /usr/lib/jvm/java-8-oracle/lib/amd64/jli/libjli.so
7f7fd3a92000-7f7fd3aab000 r-xp 00000000 08:02 185641                     /lib/x86_64-linux-gnu/libpthread-2.19.so
7f7fd3aab000-7f7fd3caa000 ---p 00019000 08:02 185641                     /lib/x86_64-linux-gnu/libpthread-2.19.so
7f7fd3caa000-7f7fd3cab000 r--p 00018000 08:02 185641                     /lib/x86_64-linux-gnu/libpthread-2.19.so
7f7fd3cab000-7f7fd3cac000 rw-p 00019000 08:02 185641                     /lib/x86_64-linux-gnu/libpthread-2.19.so
7f7fd3cac000-7f7fd3cb0000 rw-p 00000000 00:00 0 
7f7fd3cb0000-7f7fd3cd3000 r-xp 00000000 08:02 185647                     /lib/x86_64-linux-gnu/ld-2.19.so
7f7fd3cd3000-7f7fd3cd8000 r--s 00083000 08:02 670015                     /usr/lib/jvm/java-8-oracle/jre/lib/jfr.jar
7f7fd3cd8000-7f7fd3cdb000 r--s 0001a000 08:02 670022                     /usr/lib/jvm/java-8-oracle/jre/lib/jce.jar
7f7fd3cdb000-7f7fd3dac000 rw-p 00000000 00:00 0 
7f7fd3dac000-7f7fd3daf000 ---p 00000000 00:00 0 
7f7fd3daf000-7f7fd3eb1000 rw-p 00000000 00:00 0                          [stack:15463]
7f7fd3eb1000-7f7fd3eb3000 r--s 00007000 08:02 670019                     /usr/lib/jvm/java-8-oracle/jre/lib/jfxswt.jar
7f7fd3eb3000-7f7fd3ebd000 r--s 00069000 08:02 670004                     /usr/lib/jvm/java-8-oracle/jre/lib/javaws.jar
7f7fd3ebd000-7f7fd3ec2000 r--s 002f8000 08:02 670021                     /usr/lib/jvm/java-8-oracle/jre/lib/charsets.jar
7f7fd3ec2000-7f7fd3ec4000 r--s 00023000 08:02 354102                     /home/stefan/Desktop/idea-IC-145.1617.8/plugins/junit/lib/junit-rt.jar
7f7fd3ec4000-7f7fd3ec6000 r--s 0001e000 08:02 351221                     /home/stefan/Desktop/idea-IC-145.1617.8/lib/idea_rt.jar
7f7fd3ec6000-7f7fd3ece000 rw-s 00000000 08:02 207645                     /tmp/hsperfdata_stefan/15462
7f7fd3ece000-7f7fd3ecf000 rw-p 00000000 00:00 0 
7f7fd3ecf000-7f7fd3ed0000 r--p 00000000 00:00 0 
7f7fd3ed0000-7f7fd3ed2000 rw-p 00000000 00:00 0 
7f7fd3ed2000-7f7fd3ed3000 r--p 00022000 08:02 185647                     /lib/x86_64-linux-gnu/ld-2.19.so
7f7fd3ed3000-7f7fd3ed4000 rw-p 00023000 08:02 185647                     /lib/x86_64-linux-gnu/ld-2.19.so
7f7fd3ed4000-7f7fd3ed5000 rw-p 00000000 00:00 0 
7fff88e71000-7fff88e93000 rw-p 00000000 00:00 0                          [stack]
7fff88ee3000-7fff88ee5000 r-xp 00000000 00:00 0                          [vdso]
7fff88ee5000-7fff88ee7000 r--p 00000000 00:00 0                          [vvar]
ffffffffff600000-ffffffffff601000 r-xp 00000000 00:00 0                  [vsyscall]

VM Arguments:
jvm_args: -agentlib:jdwp=transport=dt_socket,address=127.0.0.1:44534,suspend=y,server=n -ea -Didea.junit.sm_runner -Dfile.encoding=UTF-8 
java_command: com.intellij.rt.execution.junit.JUnitStarter -ideVersion5 recfun.BalanceSuite
java_class_path (initial): /home/stefan/Desktop/idea-IC-145.1617.8/lib/idea_rt.jar:/home/stefan/Desktop/idea-IC-145.1617.8/plugins/junit/lib/junit-rt.jar:/usr/lib/jvm/java-8-oracle/jre/lib/charsets.jar:/usr/lib/jvm/java-8-oracle/jre/lib/deploy.jar:/usr/lib/jvm/java-8-oracle/jre/lib/ext/cldrdata.jar:/usr/lib/jvm/java-8-oracle/jre/lib/ext/dnsns.jar:/usr/lib/jvm/java-8-oracle/jre/lib/ext/jfxrt.jar:/usr/lib/jvm/java-8-oracle/jre/lib/ext/localedata.jar:/usr/lib/jvm/java-8-oracle/jre/lib/ext/nashorn.jar:/usr/lib/jvm/java-8-oracle/jre/lib/ext/sunec.jar:/usr/lib/jvm/java-8-oracle/jre/lib/ext/sunjce_provider.jar:/usr/lib/jvm/java-8-oracle/jre/lib/ext/sunpkcs11.jar:/usr/lib/jvm/java-8-oracle/jre/lib/ext/zipfs.jar:/usr/lib/jvm/java-8-oracle/jre/lib/javaws.jar:/usr/lib/jvm/java-8-oracle/jre/lib/jce.jar:/usr/lib/jvm/java-8-oracle/jre/lib/jfr.jar:/usr/lib/jvm/java-8-oracle/jre/lib/jfxswt.jar:/usr/lib/jvm/java-8-oracle/jre/lib/jsse.jar:/usr/lib/jvm/java-8-oracle/jre/lib/management-agent.jar:/usr/lib/jvm/java-8-oracle/jre/lib/plugin.jar:/usr/lib/jvm/java-8-oracle/jre/lib/resources.jar:/usr/lib/jvm/java-8-oracle/jre/lib/rt.jar:/home/stefan/scala-assigments/recfun/target/scala-2.11/test-classes:/home/stefan/scala-assigments/recfun/target/scala-2.11/classes:/home/stefan/.ivy2/cache/junit/junit/jars/junit-4.10.jar:/home/stefan/.ivy2/cache/org.scalatest/scalatest_2.11/bundles/scalatest_2.11-2.2.4.jar:/home/stefan/.ivy2/cache/org.scala-lang.modules/scala-xml_2.11/bundles/scala-xml_2.11-1.0.2.jar:/home/stefan/.ivy2/cache/org.scala-lang.modules/scala-parser-combinators_2.11/bundles/scala-parser-combinators_2.11-1.0.4.jar:/home/stefan/.ivy2/cache/org.scala-lang/scala-reflect/jars/scala-reflect-2.11.2.jar:/home/stefan/.ivy2/cache/org.scala-lang/scala-library/jars/scala-library-2.11.7.jar:/home/stefan/.ivy2/cache/org.hamcrest/hamcrest-core/jars/hamcrest-core-1.1.jar
Launcher Type: SUN_STANDARD

Environment Variables:
JAVA_HOME=/usr/lib/jvm/java-8-oracle
PATH=/usr/local/sbin:/usr/local/bin:/usr/sbin:/usr/bin:/sbin:/bin:/usr/games:/usr/local/games:/usr/lib/scala-2.11.7/bin
LD_LIBRARY_PATH=/home/stefan/Desktop/idea-IC-145.1617.8/bin:
SHELL=/bin/bash
DISPLAY=:0

Signal Handlers:
SIGSEGV: [libjvm.so+0xaad1e0], sa_mask[0]=11111111011111111101111111111110, sa_flags=SA_RESTART|SA_SIGINFO
SIGBUS: [libjvm.so+0xaad1e0], sa_mask[0]=11111111011111111101111111111110, sa_flags=SA_RESTART|SA_SIGINFO
SIGFPE: [libjvm.so+0x90b450], sa_mask[0]=11111111011111111101111111111110, sa_flags=SA_RESTART|SA_SIGINFO
SIGPIPE: [libjvm.so+0x90b450], sa_mask[0]=11111111011111111101111111111110, sa_flags=SA_RESTART|SA_SIGINFO
SIGXFSZ: [libjvm.so+0x90b450], sa_mask[0]=11111111011111111101111111111110, sa_flags=SA_RESTART|SA_SIGINFO
SIGILL: [libjvm.so+0x90b450], sa_mask[0]=11111111011111111101111111111110, sa_flags=SA_RESTART|SA_SIGINFO
SIGUSR1: SIG_DFL, sa_mask[0]=00000000000000000000000000000000, sa_flags=none
SIGUSR2: [libjvm.so+0x90ca90], sa_mask[0]=00100000000000000000000000000000, sa_flags=SA_RESTART|SA_SIGINFO
SIGHUP: [libjvm.so+0x90dde0], sa_mask[0]=11111111011111111101111111111110, sa_flags=SA_RESTART|SA_SIGINFO
SIGINT: [libjvm.so+0x90dde0], sa_mask[0]=11111111011111111101111111111110, sa_flags=SA_RESTART|SA_SIGINFO
SIGTERM: [libjvm.so+0x90dde0], sa_mask[0]=11111111011111111101111111111110, sa_flags=SA_RESTART|SA_SIGINFO
SIGQUIT: [libjvm.so+0x90dde0], sa_mask[0]=11111111011111111101111111111110, sa_flags=SA_RESTART|SA_SIGINFO


---------------  S Y S T E M  ---------------

OS:DISTRIB_ID=Ubuntu
DISTRIB_RELEASE=14.10
DISTRIB_CODENAME=utopic
DISTRIB_DESCRIPTION="Ubuntu 14.10"

uname:Linux 3.16.0-23-generic #31-Ubuntu SMP Tue Oct 21 17:56:17 UTC 2014 x86_64
libc:glibc 2.19 NPTL 2.19 
rlimit: STACK 8192k, CORE 0k, NPROC 63301, NOFILE 4096, AS infinity
load average:1.20 0.71 0.50

/proc/meminfo:
MemTotal:       16343844 kB
MemFree:        10074932 kB
MemAvailable:   11642988 kB
Buffers:          140052 kB
Cached:          2219480 kB
SwapCached:            0 kB
Active:          4490200 kB
Inactive:        1430724 kB
Active(anon):    3564264 kB
Inactive(anon):   673724 kB
Active(file):     925936 kB
Inactive(file):   757000 kB
Unevictable:          48 kB
Mlocked:              48 kB
SwapTotal:      16687100 kB
SwapFree:       16687100 kB
Dirty:              8180 kB
Writeback:             0 kB
AnonPages:       3561436 kB
Mapped:           457356 kB
Shmem:            676600 kB
Slab:             146420 kB
SReclaimable:     108112 kB
SUnreclaim:        38308 kB
KernelStack:       10848 kB
PageTables:        36708 kB
NFS_Unstable:          0 kB
Bounce:                0 kB
WritebackTmp:          0 kB
CommitLimit:    24859020 kB
Committed_AS:    8912144 kB
VmallocTotal:   34359738367 kB
VmallocUsed:      422488 kB
VmallocChunk:   34359302652 kB
HardwareCorrupted:     0 kB
AnonHugePages:   1734656 kB
HugePages_Total:       0
HugePages_Free:        0
HugePages_Rsvd:        0
HugePages_Surp:        0
Hugepagesize:       2048 kB
DirectMap4k:      110672 kB
DirectMap2M:     2945024 kB
DirectMap1G:    13631488 kB


CPU:total 4 (2 cores per cpu, 2 threads per core) family 6 model 61 stepping 4, cmov, cx8, fxsr, mmx, sse, sse2, sse3, ssse3, sse4.1, sse4.2, popcnt, avx, avx2, aes, clmul, erms, 3dnowpref, lzcnt, ht, tsc, tscinvbit, bmi1, bmi2, adx

/proc/cpuinfo:
processor	: 0
vendor_id	: GenuineIntel
cpu family	: 6
model		: 61
model name	: Intel(R) Core(TM) i7-5500U CPU @ 2.40GHz
stepping	: 4
microcode	: 0x12
cpu MHz		: 2193.562
cache size	: 4096 KB
physical id	: 0
siblings	: 4
core id		: 0
cpu cores	: 2
apicid		: 0
initial apicid	: 0
fpu		: yes
fpu_exception	: yes
cpuid level	: 20
wp		: yes
flags		: fpu vme de pse tsc msr pae mce cx8 apic sep mtrr pge mca cmov pat pse36 clflush dts acpi mmx fxsr sse sse2 ss ht tm pbe syscall nx pdpe1gb rdtscp lm constant_tsc arch_perfmon pebs bts rep_good nopl xtopology nonstop_tsc aperfmperf eagerfpu pni pclmulqdq dtes64 monitor ds_cpl vmx est tm2 ssse3 fma cx16 xtpr pdcm pcid sse4_1 sse4_2 x2apic movbe popcnt tsc_deadline_timer aes xsave avx f16c rdrand lahf_lm abm 3dnowprefetch ida arat epb xsaveopt pln pts dtherm tpr_shadow vnmi flexpriority ept vpid fsgsbase tsc_adjust bmi1 avx2 smep bmi2 erms invpcid rdseed adx smap
bogomips	: 4789.10
clflush size	: 64
cache_alignment	: 64
address sizes	: 39 bits physical, 48 bits virtual
power management:

processor	: 1
vendor_id	: GenuineIntel
cpu family	: 6
model		: 61
model name	: Intel(R) Core(TM) i7-5500U CPU @ 2.40GHz
stepping	: 4
microcode	: 0x12
cpu MHz		: 2200.125
cache size	: 4096 KB
physical id	: 0
siblings	: 4
core id		: 1
cpu cores	: 2
apicid		: 2
initial apicid	: 2
fpu		: yes
fpu_exception	: yes
cpuid level	: 20
wp		: yes
flags		: fpu vme de pse tsc msr pae mce cx8 apic sep mtrr pge mca cmov pat pse36 clflush dts acpi mmx fxsr sse sse2 ss ht tm pbe syscall nx pdpe1gb rdtscp lm constant_tsc arch_perfmon pebs bts rep_good nopl xtopology nonstop_tsc aperfmperf eagerfpu pni pclmulqdq dtes64 monitor ds_cpl vmx est tm2 ssse3 fma cx16 xtpr pdcm pcid sse4_1 sse4_2 x2apic movbe popcnt tsc_deadline_timer aes xsave avx f16c rdrand lahf_lm abm 3dnowprefetch ida arat epb xsaveopt pln pts dtherm tpr_shadow vnmi flexpriority ept vpid fsgsbase tsc_adjust bmi1 avx2 smep bmi2 erms invpcid rdseed adx smap
bogomips	: 4789.10
clflush size	: 64
cache_alignment	: 64
address sizes	: 39 bits physical, 48 bits virtual
power management:

processor	: 2
vendor_id	: GenuineIntel
cpu family	: 6
model		: 61
model name	: Intel(R) Core(TM) i7-5500U CPU @ 2.40GHz
stepping	: 4
microcode	: 0x12
cpu MHz		: 2193.281
cache size	: 4096 KB
physical id	: 0
siblings	: 4
core id		: 0
cpu cores	: 2
apicid		: 1
initial apicid	: 1
fpu		: yes
fpu_exception	: yes
cpuid level	: 20
wp		: yes
flags		: fpu vme de pse tsc msr pae mce cx8 apic sep mtrr pge mca cmov pat pse36 clflush dts acpi mmx fxsr sse sse2 ss ht tm pbe syscall nx pdpe1gb rdtscp lm constant_tsc arch_perfmon pebs bts rep_good nopl xtopology nonstop_tsc aperfmperf eagerfpu pni pclmulqdq dtes64 monitor ds_cpl vmx est tm2 ssse3 fma cx16 xtpr pdcm pcid sse4_1 sse4_2 x2apic movbe popcnt tsc_deadline_timer aes xsave avx f16c rdrand lahf_lm abm 3dnowprefetch ida arat epb xsaveopt pln pts dtherm tpr_shadow vnmi flexpriority ept vpid fsgsbase tsc_adjust bmi1 avx2 smep bmi2 erms invpcid rdseed adx smap
bogomips	: 4789.10
clflush size	: 64
cache_alignment	: 64
address sizes	: 39 bits physical, 48 bits virtual
power management:

processor	: 3
vendor_id	: GenuineIntel
cpu family	: 6
model		: 61
model name	: Intel(R) Core(TM) i7-5500U CPU @ 2.40GHz
stepping	: 4
microcode	: 0x12
cpu MHz		: 2180.812
cache size	: 4096 KB
physical id	: 0
siblings	: 4
core id		: 1
cpu cores	: 2
apicid		: 3
initial apicid	: 3
fpu		: yes
fpu_exception	: yes
cpuid level	: 20
wp		: yes
flags		: fpu vme de pse tsc msr pae mce cx8 apic sep mtrr pge mca cmov pat pse36 clflush dts acpi mmx fxsr sse sse2 ss ht tm pbe syscall nx pdpe1gb rdtscp lm constant_tsc arch_perfmon pebs bts rep_good nopl xtopology nonstop_tsc aperfmperf eagerfpu pni pclmulqdq dtes64 monitor ds_cpl vmx est tm2 ssse3 fma cx16 xtpr pdcm pcid sse4_1 sse4_2 x2apic movbe popcnt tsc_deadline_timer aes xsave avx f16c rdrand lahf_lm abm 3dnowprefetch ida arat epb xsaveopt pln pts dtherm tpr_shadow vnmi flexpriority ept vpid fsgsbase tsc_adjust bmi1 avx2 smep bmi2 erms invpcid rdseed adx smap
bogomips	: 4789.10
clflush size	: 64
cache_alignment	: 64
address sizes	: 39 bits physical, 48 bits virtual
power management:



Memory: 4k page, physical 16343844k(10074932k free), swap 16687100k(16687100k free)

vm_info: Java HotSpot(TM) 64-Bit Server VM (25.45-b02) for linux-amd64 JRE (1.8.0_45-b14), built on Apr 10 2015 10:07:45 by "java_re" with gcc 4.3.0 20080428 (Red Hat 4.3.0-8)

time: Fri Jul  8 18:22:51 2016
elapsed time: 8054 seconds (0d 2h 14m 14s)

